<?xml version="1.0" encoding="UTF-8"?>
<robot generator="Robot 7.3.2 (Python 3.13.9 on win32)" generated="2025-10-29T13:10:33.005571" rpa="false" schemaversion="5">
<suite id="s1" name="Animais Perdidos Teste" source="c:\Users\Jean\OneDrive\Documentos\GitHub\PetMap_Testes-Automatizados\Visualizar lista de publicações\animais_perdidos_teste.robot">
<test id="s1-t1" name="CT20 - Acessar página de animais perdidos e verificar mensagem de ausência de publicações" line="8">
<kw name="Abrir o navegador" owner="animais_perdidos_resources" type="SETUP">
<kw name="Open Browser" owner="SeleniumLibrary">
<msg time="2025-10-29T13:10:33.199417" level="INFO">Opening browser 'Chrome' to base url 'http://localhost/PetMap/PROJETO/'.</msg>
<arg>${URL}</arg>
<arg>${BROWSER}</arg>
<doc>Opens a new browser instance to the optional ``url``.</doc>
<status status="PASS" start="2025-10-29T13:10:33.199164" elapsed="1.396737"/>
</kw>
<kw name="Maximize Browser Window" owner="SeleniumLibrary">
<doc>Maximizes current browser window.</doc>
<status status="PASS" start="2025-10-29T13:10:34.596349" elapsed="0.033366"/>
</kw>
<status status="PASS" start="2025-10-29T13:10:33.198634" elapsed="1.431376"/>
</kw>
<kw name="Acessar página principal" owner="animais_perdidos_resources">
<kw name="Wait Until Page Contains Element" owner="SeleniumLibrary">
<arg>${BOTAO_ENTRAR}</arg>
<arg>timeout=10s</arg>
<doc>Waits until the element ``locator`` appears on the current page.</doc>
<status status="PASS" start="2025-10-29T13:10:34.630885" elapsed="0.008758"/>
</kw>
<kw name="Sleep" owner="BuiltIn">
<msg time="2025-10-29T13:10:36.640422" level="INFO">Slept 2 seconds.</msg>
<arg>2s</arg>
<doc>Pauses the test executed for the given time.</doc>
<status status="PASS" start="2025-10-29T13:10:34.640009" elapsed="2.000680"/>
</kw>
<kw name="Capture Page Screenshot" owner="SeleniumLibrary">
<msg time="2025-10-29T13:10:36.976293" level="INFO" html="true">&lt;/td&gt;&lt;/tr&gt;&lt;tr&gt;&lt;td colspan="3"&gt;&lt;a href="selenium-screenshot-1.png"&gt;&lt;img src="selenium-screenshot-1.png" width="800px"&gt;&lt;/a&gt;</msg>
<doc>Takes a screenshot of the current page and embeds it into a log file.</doc>
<status status="PASS" start="2025-10-29T13:10:36.640874" elapsed="0.335667"/>
</kw>
<status status="PASS" start="2025-10-29T13:10:34.630479" elapsed="2.346213"/>
</kw>
<kw name="Acessar página &quot;Animais Perdidos&quot;" owner="animais_perdidos_resources">
<kw name="Wait Until Page Contains Element" owner="SeleniumLibrary">
<arg>${LINK_ANIMAIS_PERDIDOS}</arg>
<arg>timeout=10s</arg>
<doc>Waits until the element ``locator`` appears on the current page.</doc>
<status status="PASS" start="2025-10-29T13:10:36.977694" elapsed="0.009750"/>
</kw>
<kw name="Click Link" owner="SeleniumLibrary">
<msg time="2025-10-29T13:10:36.987972" level="INFO">Clicking link 'link=Animais Perdidos'.</msg>
<arg>${LINK_ANIMAIS_PERDIDOS}</arg>
<doc>Clicks a link identified by ``locator``.</doc>
<status status="PASS" start="2025-10-29T13:10:36.987694" elapsed="0.099936"/>
</kw>
<status status="PASS" start="2025-10-29T13:10:36.977222" elapsed="0.110689"/>
</kw>
<kw name="Verificar mensagem &quot;Não há publicações disponíveis&quot;" owner="animais_perdidos_resources">
<kw name="Wait Until Page Contains" owner="SeleniumLibrary">
<arg>${MENSAGEM_SEM_PUBLICACOES}</arg>
<arg>timeout=10s</arg>
<doc>Waits until ``text`` appears on the current page.</doc>
<status status="PASS" start="2025-10-29T13:10:37.089015" elapsed="0.012506"/>
</kw>
<kw name="Capture Page Screenshot" owner="SeleniumLibrary">
<msg time="2025-10-29T13:10:37.512756" level="INFO" html="true">&lt;/td&gt;&lt;/tr&gt;&lt;tr&gt;&lt;td colspan="3"&gt;&lt;a href="selenium-screenshot-2.png"&gt;&lt;img src="selenium-screenshot-2.png" width="800px"&gt;&lt;/a&gt;</msg>
<doc>Takes a screenshot of the current page and embeds it into a log file.</doc>
<status status="PASS" start="2025-10-29T13:10:37.101781" elapsed="0.411228"/>
</kw>
<status status="PASS" start="2025-10-29T13:10:37.088535" elapsed="0.424593"/>
</kw>
<kw name="Fechar o navegador" owner="animais_perdidos_resources" type="TEARDOWN">
<kw name="Close Browser" owner="SeleniumLibrary">
<doc>Closes the current browser.</doc>
<status status="PASS" start="2025-10-29T13:10:37.514168" elapsed="2.151892"/>
</kw>
<status status="PASS" start="2025-10-29T13:10:37.513726" elapsed="2.152558"/>
</kw>
<doc>Verifica se a página "Animais Perdidos" é acessada corretamente e exibe a mensagem "Não há publicações disponíveis".</doc>
<tag>acessar_animais_perdidos</tag>
<status status="PASS" start="2025-10-29T13:10:33.197986" elapsed="6.468513"/>
</test>
<doc>Teste automatizado para verificar o acesso à página "Animais Perdidos".</doc>
<status status="PASS" start="2025-10-29T13:10:33.009441" elapsed="6.657834"/>
</suite>
<statistics>
<total>
<stat pass="1" fail="0" skip="0">All Tests</stat>
</total>
<tag>
<stat pass="1" fail="0" skip="0">acessar_animais_perdidos</stat>
</tag>
<suite>
<stat name="Animais Perdidos Teste" id="s1" pass="1" fail="0" skip="0">Animais Perdidos Teste</stat>
</suite>
</statistics>
<errors>
</errors>
</robot>
